<?xml version="1.0" encoding="UTF-8"?>
<testng-results ignored="0" total="3" passed="2" failed="1" skipped="0">
  <reporter-output>
  </reporter-output>
  <suite started-at="2022-09-19T11:09:23 IST" name="LoginSuit" finished-at="2022-09-19T11:09:40 IST" duration-ms="17687">
    <groups>
    </groups>
    <test started-at="2022-09-19T11:09:23 IST" name="LoginTest" finished-at="2022-09-19T11:09:40 IST" duration-ms="17687">
      <class name="tests.LoginTest">
        <test-method is-config="true" signature="init()[pri:0, instance:tests.LoginTest@68999068]" started-at="2022-09-19T11:09:22 IST" name="init" finished-at="2022-09-19T11:09:23 IST" duration-ms="292" status="PASS">
          <reporter-output>
          </reporter-output>
        </test-method> <!-- init -->
        <test-method is-config="true" signature="initiliseTest()[pri:0, instance:tests.LoginTest@68999068]" started-at="2022-09-19T11:09:23 IST" name="initiliseTest" finished-at="2022-09-19T11:09:24 IST" duration-ms="1386" status="PASS">
          <reporter-output>
          </reporter-output>
        </test-method> <!-- initiliseTest -->
        <test-method signature="CorrectUsernameTest()[pri:0, instance:tests.LoginTest@68999068]" started-at="2022-09-19T11:09:24 IST" name="CorrectUsernameTest" finished-at="2022-09-19T11:09:28 IST" duration-ms="3592" status="FAIL">
          <exception class="java.lang.AssertionError">
            <message>
              <![CDATA[expected [true] but found [false]]]>
            </message>
            <full-stacktrace>
              <![CDATA[java.lang.AssertionError: expected [true] but found [false]
at org.testng.Assert.fail(Assert.java:99)
at org.testng.Assert.failNotEquals(Assert.java:1037)
at org.testng.Assert.assertTrue(Assert.java:45)
at org.testng.Assert.assertTrue(Assert.java:55)
at pages.LoginPage.VerifyCorrectCredentials(LoginPage.java:56)
at tests.LoginTest.CorrectUsernameTest(LoginTest.java:45)
at java.base/jdk.internal.reflect.DirectMethodHandleAccessor.invoke(DirectMethodHandleAccessor.java:104)
at java.base/java.lang.reflect.Method.invoke(Method.java:577)
at org.testng.internal.MethodInvocationHelper.invokeMethod(MethodInvocationHelper.java:133)
at org.testng.internal.TestInvoker.invokeMethod(TestInvoker.java:598)
at org.testng.internal.TestInvoker.invokeTestMethod(TestInvoker.java:173)
at org.testng.internal.MethodRunner.runInSequence(MethodRunner.java:46)
at org.testng.internal.TestInvoker$MethodInvocationAgent.invoke(TestInvoker.java:824)
at org.testng.internal.TestInvoker.invokeTestMethods(TestInvoker.java:146)
at org.testng.internal.TestMethodWorker.invokeTestMethods(TestMethodWorker.java:146)
at org.testng.internal.TestMethodWorker.run(TestMethodWorker.java:128)
at java.base/java.util.ArrayList.forEach(ArrayList.java:1511)
at org.testng.TestRunner.privateRun(TestRunner.java:794)
at org.testng.TestRunner.run(TestRunner.java:596)
at org.testng.SuiteRunner.runTest(SuiteRunner.java:377)
at org.testng.SuiteRunner.runSequentially(SuiteRunner.java:371)
at org.testng.SuiteRunner.privateRun(SuiteRunner.java:332)
at org.testng.SuiteRunner.run(SuiteRunner.java:276)
at org.testng.SuiteRunnerWorker.runSuite(SuiteRunnerWorker.java:53)
at org.testng.SuiteRunnerWorker.run(SuiteRunnerWorker.java:96)
at org.testng.TestNG.runSuitesSequentially(TestNG.java:1212)
at org.testng.TestNG.runSuitesLocally(TestNG.java:1134)
at org.testng.TestNG.runSuites(TestNG.java:1063)
at org.testng.TestNG.run(TestNG.java:1031)
at org.testng.remote.AbstractRemoteTestNG.run(AbstractRemoteTestNG.java:115)
at org.testng.remote.RemoteTestNG.initAndRun(RemoteTestNG.java:251)
at org.testng.remote.RemoteTestNG.main(RemoteTestNG.java:77)
]]>
            </full-stacktrace>
          </exception> <!-- java.lang.AssertionError -->
          <reporter-output>
          </reporter-output>
        </test-method> <!-- CorrectUsernameTest -->
        <test-method is-config="true" signature="CloseTest()[pri:0, instance:tests.LoginTest@68999068]" started-at="2022-09-19T11:09:28 IST" name="CloseTest" finished-at="2022-09-19T11:09:28 IST" duration-ms="192" status="PASS">
          <reporter-output>
          </reporter-output>
        </test-method> <!-- CloseTest -->
        <test-method is-config="true" signature="initiliseTest()[pri:0, instance:tests.LoginTest@68999068]" started-at="2022-09-19T11:09:28 IST" name="initiliseTest" finished-at="2022-09-19T11:09:29 IST" duration-ms="1406" status="PASS">
          <reporter-output>
          </reporter-output>
        </test-method> <!-- initiliseTest -->
        <test-method signature="IncorrectUsernameTest()[pri:0, instance:tests.LoginTest@68999068]" started-at="2022-09-19T11:09:29 IST" name="IncorrectUsernameTest" finished-at="2022-09-19T11:09:33 IST" duration-ms="3780" status="PASS">
          <reporter-output>
          </reporter-output>
        </test-method> <!-- IncorrectUsernameTest -->
        <test-method is-config="true" signature="CloseTest()[pri:0, instance:tests.LoginTest@68999068]" started-at="2022-09-19T11:09:33 IST" name="CloseTest" finished-at="2022-09-19T11:09:33 IST" duration-ms="425" status="PASS">
          <reporter-output>
          </reporter-output>
        </test-method> <!-- CloseTest -->
        <test-method is-config="true" signature="initiliseTest()[pri:0, instance:tests.LoginTest@68999068]" started-at="2022-09-19T11:09:33 IST" name="initiliseTest" finished-at="2022-09-19T11:09:36 IST" duration-ms="2628" status="PASS">
          <reporter-output>
          </reporter-output>
        </test-method> <!-- initiliseTest -->
        <test-method signature="LockedUserTest()[pri:0, instance:tests.LoginTest@68999068]" started-at="2022-09-19T11:09:36 IST" name="LockedUserTest" finished-at="2022-09-19T11:09:40 IST" duration-ms="3866" status="PASS">
          <reporter-output>
          </reporter-output>
        </test-method> <!-- LockedUserTest -->
        <test-method is-config="true" signature="CloseTest()[pri:0, instance:tests.LoginTest@68999068]" started-at="2022-09-19T11:09:40 IST" name="CloseTest" finished-at="2022-09-19T11:09:40 IST" duration-ms="387" status="PASS">
          <reporter-output>
          </reporter-output>
        </test-method> <!-- CloseTest -->
        <test-method is-config="true" signature="Teardown()[pri:0, instance:tests.LoginTest@68999068]" started-at="2022-09-19T11:09:40 IST" name="Teardown" finished-at="2022-09-19T11:09:40 IST" duration-ms="0" status="PASS">
          <reporter-output>
          </reporter-output>
        </test-method> <!-- Teardown -->
      </class> <!-- tests.LoginTest -->
    </test> <!-- LoginTest -->
  </suite> <!-- LoginSuit -->
</testng-results>
