<?xml version="1.0" encoding="UTF-8"?>
<!-- Generated by org.testng.reporters.JUnitXMLReporter -->
<testsuite ignored="0" hostname="PalakT-LAP" failures="1" tests="3" name="LoginTest" time="17.687" errors="0" timestamp="2022-09-19T11:09:40 IST">
  <testcase classname="tests.LoginTest" name="CorrectUsernameTest" time="3.592">
    <failure type="java.lang.AssertionError" message="expected [true] but found [false]">
      <![CDATA[java.lang.AssertionError: expected [true] but found [false]
at pages.LoginPage.VerifyCorrectCredentials(LoginPage.java:56)
at tests.LoginTest.CorrectUsernameTest(LoginTest.java:45)
at java.base/java.util.ArrayList.forEach(ArrayList.java:1511)
... Removed 29 stack frames]]>
    </failure>
  </testcase> <!-- CorrectUsernameTest -->
  <testcase classname="tests.LoginTest" name="IncorrectUsernameTest" time="3.78"/>
  <testcase classname="tests.LoginTest" name="LockedUserTest" time="3.866"/>
</testsuite> <!-- LoginTest -->
